2019-12-12 16:02:15.153  WARN 5860 --- [restartedMain] org.apache.tomcat.util.modeler.Registry  : The MBean registry cannot be disabled because it has already been initialised
2019-12-12 16:02:15.180  INFO 5860 --- [restartedMain] o.apache.catalina.core.StandardService   : Starting service [Tomcat]
2019-12-12 16:02:15.180  INFO 5860 --- [restartedMain] org.apache.catalina.core.StandardEngine  : Starting Servlet engine: [Apache Tomcat/9.0.27]
2019-12-12 16:02:15.203  INFO 5860 --- [restartedMain] o.a.c.c.C.[Tomcat].[localhost].[/]       : Initializing Spring embedded WebApplicationContext
2019-12-12 16:02:15.300  INFO 5860 --- [restartedMain] com.zaxxer.hikari.HikariDataSource       : HikariPool-8 - Starting...
2019-12-12 16:02:15.305  INFO 5860 --- [restartedMain] com.zaxxer.hikari.HikariDataSource       : HikariPool-8 - Start completed.
2019-12-12 16:02:45.788  INFO 5860 --- [Thread-38] com.zaxxer.hikari.HikariDataSource       : HikariPool-8 - Shutdown initiated...
2019-12-12 16:02:45.798  INFO 5860 --- [Thread-38] com.zaxxer.hikari.HikariDataSource       : HikariPool-8 - Shutdown completed.
2019-12-12 16:02:46.272  WARN 5860 --- [restartedMain] org.apache.tomcat.util.modeler.Registry  : The MBean registry cannot be disabled because it has already been initialised
2019-12-12 16:02:46.299  INFO 5860 --- [restartedMain] o.apache.catalina.core.StandardService   : Starting service [Tomcat]
2019-12-12 16:02:46.299  INFO 5860 --- [restartedMain] org.apache.catalina.core.StandardEngine  : Starting Servlet engine: [Apache Tomcat/9.0.27]
2019-12-12 16:02:46.314  INFO 5860 --- [restartedMain] o.a.c.c.C.[Tomcat].[localhost].[/]       : Initializing Spring embedded WebApplicationContext
2019-12-12 16:02:46.443  INFO 5860 --- [restartedMain] com.zaxxer.hikari.HikariDataSource       : HikariPool-9 - Starting...
2019-12-12 16:02:46.446  INFO 5860 --- [restartedMain] com.zaxxer.hikari.HikariDataSource       : HikariPool-9 - Start completed.
2019-12-12 16:02:57.429  INFO 5860 --- [Thread-43] com.zaxxer.hikari.HikariDataSource       : HikariPool-9 - Shutdown initiated...
2019-12-12 16:02:57.439  INFO 5860 --- [Thread-43] com.zaxxer.hikari.HikariDataSource       : HikariPool-9 - Shutdown completed.
2019-12-12 16:02:57.952  WARN 5860 --- [restartedMain] org.apache.tomcat.util.modeler.Registry  : The MBean registry cannot be disabled because it has already been initialised
2019-12-12 16:02:57.979  INFO 5860 --- [restartedMain] o.apache.catalina.core.StandardService   : Starting service [Tomcat]
2019-12-12 16:02:57.979  INFO 5860 --- [restartedMain] org.apache.catalina.core.StandardEngine  : Starting Servlet engine: [Apache Tomcat/9.0.27]
2019-12-12 16:02:58.000  INFO 5860 --- [restartedMain] o.a.c.c.C.[Tomcat].[localhost].[/]       : Initializing Spring embedded WebApplicationContext
2019-12-12 16:02:58.121  INFO 5860 --- [restartedMain] com.zaxxer.hikari.HikariDataSource       : HikariPool-10 - Starting...
2019-12-12 16:02:58.123  INFO 5860 --- [restartedMain] com.zaxxer.hikari.HikariDataSource       : HikariPool-10 - Start completed.
2019-12-12 16:03:27.510  INFO 5860 --- [Thread-48] com.zaxxer.hikari.HikariDataSource       : HikariPool-10 - Shutdown initiated...
2019-12-12 16:03:27.520  INFO 5860 --- [Thread-48] com.zaxxer.hikari.HikariDataSource       : HikariPool-10 - Shutdown completed.
